2025-08-09 16:34:14,526 - INFO - Found 2 images to process
2025-08-09 16:34:14,526 - INFO - Processing sunset_mountain_landscape.jpg...
2025-08-09 16:34:14,526 - INFO - Processing city_night_street_blue.jpg...
2025-08-09 16:34:14,527 - INFO - CSV exported to demo_output.csv
2025-08-09 16:34:14,527 - INFO - Processing completed successfully
2025-08-09 16:36:48,266 - INFO - Found 2 images to process
2025-08-09 16:36:48,266 - INFO - Processing sunset_mountain_landscape.jpg...
2025-08-09 16:36:48,266 - INFO - Processing city_night_street_blue.jpg...
2025-08-09 16:36:48,266 - INFO - CSV exported to demo_output.csv
2025-08-09 16:36:48,266 - INFO - Processing completed successfully
2025-08-09 16:37:03,370 - INFO - Found 2 images to process
2025-08-09 16:37:03,371 - INFO - Processing sunset_mountain_landscape.jpg...
2025-08-09 16:37:03,371 - INFO - Processing city_night_street_blue.jpg...
2025-08-09 16:37:03,371 - INFO - CSV exported to adobe_output.csv
2025-08-09 16:37:03,371 - INFO - Processing completed successfully
2025-08-09 16:37:23,886 - INFO - Found 2 images to process
2025-08-09 16:37:23,886 - INFO - Processing sunset_mountain_landscape.jpg...
2025-08-09 16:37:23,886 - INFO - Processing city_night_street_blue.jpg...
2025-08-09 16:37:23,886 - INFO - CSV exported to demo_output.csv
2025-08-09 16:37:23,886 - INFO - Processing completed successfully
2025-08-09 16:37:24,290 - INFO - Found 2 images to process
2025-08-09 16:37:24,290 - INFO - Processing sunset_mountain_landscape.jpg...
2025-08-09 16:37:24,290 - INFO - Processing city_night_street_blue.jpg...
2025-08-09 16:37:24,290 - INFO - CSV exported to adobe_output.csv
2025-08-09 16:37:24,290 - INFO - Processing completed successfully
2025-08-09 16:37:24,679 - INFO - Found 2 images to process
2025-08-09 16:37:24,679 - INFO - Processing sunset_mountain_landscape.jpg...
2025-08-09 16:37:24,679 - INFO - Processing city_night_street_blue.jpg...
2025-08-09 16:37:24,679 - INFO - CSV exported to multilingual_output.csv
2025-08-09 16:37:24,679 - INFO - Processing completed successfully
